  [1m[36m (26.1ms)[0m  [1mCREATE TABLE "schema_migrations" ("version" character varying(255) NOT NULL) [0m
  [1m[35m (64.6ms)[0m  CREATE UNIQUE INDEX  "unique_schema_migrations" ON "schema_migrations"  ("version")
  [1m[36mActiveRecord::SchemaMigration Load (0.7ms)[0m  [1mSELECT "schema_migrations".* FROM "schema_migrations"[0m
Migrating to DeviseCreateUsers (20150131121907)
  [1m[35m (0.3ms)[0m  BEGIN
  [1m[36m (134.0ms)[0m  [1mCREATE TABLE "users" ("id" serial primary key, "email" character varying(255) DEFAULT '' NOT NULL, "encrypted_password" character varying(255) DEFAULT '' NOT NULL, "reset_password_token" character varying(255), "reset_password_sent_at" timestamp, "remember_created_at" timestamp, "sign_in_count" integer DEFAULT 0 NOT NULL, "current_sign_in_at" timestamp, "last_sign_in_at" timestamp, "current_sign_in_ip" character varying(255), "last_sign_in_ip" character varying(255), "created_at" timestamp, "updated_at" timestamp) [0m
  [1m[35m (41.4ms)[0m  CREATE UNIQUE INDEX  "index_users_on_email" ON "users"  ("email")
  [1m[36m (42.1ms)[0m  [1mCREATE UNIQUE INDEX  "index_users_on_reset_password_token" ON "users"  ("reset_password_token")[0m
  [1m[35mSQL (0.8ms)[0m  INSERT INTO "schema_migrations" ("version") VALUES ($1)  [["version", "20150131121907"]]
  [1m[36m (24.4ms)[0m  [1mCOMMIT[0m
  [1m[35mActiveRecord::SchemaMigration Load (0.6ms)[0m  SELECT "schema_migrations".* FROM "schema_migrations"


Started GET "/" for 127.0.0.1 at 2015-01-31 17:55:36 +0530
  [1m[36mActiveRecord::SchemaMigration Load (0.9ms)[0m  [1mSELECT "schema_migrations".* FROM "schema_migrations"[0m
Processing by Rails::WelcomeController#index as HTML
  Rendered /home/vinoth/.rbenv/versions/2.1.3/lib/ruby/gems/2.1.0/gems/railties-4.1.7/lib/rails/templates/rails/welcome/index.html.erb (12.4ms)
Completed 200 OK in 72ms (Views: 54.6ms | ActiveRecord: 0.0ms)


Started GET "/users/" for 127.0.0.1 at 2015-01-31 17:55:40 +0530

ActionController::RoutingError (No route matches [GET] "/users"):
  actionpack (4.1.7) lib/action_dispatch/middleware/debug_exceptions.rb:21:in `call'
  actionpack (4.1.7) lib/action_dispatch/middleware/show_exceptions.rb:30:in `call'
  railties (4.1.7) lib/rails/rack/logger.rb:38:in `call_app'
  railties (4.1.7) lib/rails/rack/logger.rb:20:in `block in call'
  activesupport (4.1.7) lib/active_support/tagged_logging.rb:68:in `block in tagged'
  activesupport (4.1.7) lib/active_support/tagged_logging.rb:26:in `tagged'
  activesupport (4.1.7) lib/active_support/tagged_logging.rb:68:in `tagged'
  railties (4.1.7) lib/rails/rack/logger.rb:20:in `call'
  actionpack (4.1.7) lib/action_dispatch/middleware/request_id.rb:21:in `call'
  rack (1.5.2) lib/rack/methodoverride.rb:21:in `call'
  rack (1.5.2) lib/rack/runtime.rb:17:in `call'
  activesupport (4.1.7) lib/active_support/cache/strategy/local_cache_middleware.rb:26:in `call'
  rack (1.5.2) lib/rack/lock.rb:17:in `call'
  actionpack (4.1.7) lib/action_dispatch/middleware/static.rb:84:in `call'
  rack (1.5.2) lib/rack/sendfile.rb:112:in `call'
  railties (4.1.7) lib/rails/engine.rb:514:in `call'
  railties (4.1.7) lib/rails/application.rb:144:in `call'
  rack (1.5.2) lib/rack/lock.rb:17:in `call'
  rack (1.5.2) lib/rack/content_length.rb:14:in `call'
  rack (1.5.2) lib/rack/handler/webrick.rb:60:in `service'
  /home/vinoth/.rbenv/versions/2.1.3/lib/ruby/2.1.0/webrick/httpserver.rb:138:in `service'
  /home/vinoth/.rbenv/versions/2.1.3/lib/ruby/2.1.0/webrick/httpserver.rb:94:in `run'
  /home/vinoth/.rbenv/versions/2.1.3/lib/ruby/2.1.0/webrick/server.rb:295:in `block in start_thread'


  Rendered /home/vinoth/.rbenv/versions/2.1.3/lib/ruby/gems/2.1.0/gems/actionpack-4.1.7/lib/action_dispatch/middleware/templates/rescues/_trace.html.erb (1.0ms)
  Rendered /home/vinoth/.rbenv/versions/2.1.3/lib/ruby/gems/2.1.0/gems/actionpack-4.1.7/lib/action_dispatch/middleware/templates/routes/_route.html.erb (1.9ms)
  Rendered /home/vinoth/.rbenv/versions/2.1.3/lib/ruby/gems/2.1.0/gems/actionpack-4.1.7/lib/action_dispatch/middleware/templates/routes/_table.html.erb (25.4ms)
  Rendered /home/vinoth/.rbenv/versions/2.1.3/lib/ruby/gems/2.1.0/gems/actionpack-4.1.7/lib/action_dispatch/middleware/templates/rescues/routing_error.html.erb within rescues/layout (54.6ms)


Started GET "/users/sign_in" for 127.0.0.1 at 2015-01-31 17:55:44 +0530
Processing by Devise::SessionsController#new as HTML
  Rendered /home/vinoth/.rbenv/versions/2.1.3/lib/ruby/gems/2.1.0/gems/devise-3.4.1/app/views/devise/shared/_links.html.erb (3.8ms)
  Rendered /home/vinoth/.rbenv/versions/2.1.3/lib/ruby/gems/2.1.0/gems/devise-3.4.1/app/views/devise/sessions/new.html.erb within layouts/application (72.3ms)
Completed 200 OK in 982ms (Views: 953.3ms | ActiveRecord: 3.1ms)


Started GET "/assets/application.css?body=1" for 127.0.0.1 at 2015-01-31 17:55:46 +0530


Started GET "/assets/turbolinks.js?body=1" for 127.0.0.1 at 2015-01-31 17:55:46 +0530


Started GET "/assets/jquery.js?body=1" for 127.0.0.1 at 2015-01-31 17:55:46 +0530


Started GET "/assets/application.js?body=1" for 127.0.0.1 at 2015-01-31 17:55:46 +0530


Started GET "/assets/jquery_ujs.js?body=1" for 127.0.0.1 at 2015-01-31 17:55:46 +0530


Started GET "/users/sign_up" for 127.0.0.1 at 2015-01-31 17:55:49 +0530
Processing by Devise::RegistrationsController#new as HTML
  Rendered /home/vinoth/.rbenv/versions/2.1.3/lib/ruby/gems/2.1.0/gems/devise-3.4.1/app/views/devise/shared/_links.html.erb (0.4ms)
  Rendered /home/vinoth/.rbenv/versions/2.1.3/lib/ruby/gems/2.1.0/gems/devise-3.4.1/app/views/devise/registrations/new.html.erb within layouts/application (4.4ms)
Completed 200 OK in 35ms (Views: 32.8ms | ActiveRecord: 0.0ms)
